<?xml version="1.0" encoding="UTF-8"?>
<testsuite xmlns:xsi="http://www.w3.org/2001/XMLSchema-instance" xsi:noNamespaceSchemaLocation="https://maven.apache.org/surefire/maven-surefire-plugin/xsd/surefire-test-report.xsd" name="typerule.FunctionDefTypeRuleTest" time="0.011" tests="5" errors="0" skipped="0" failures="0">
  <properties>
[...]
</properties>
  <testcase name="testTypeCheckSematicallyCorrectMethodDefStatementsWithAFunctionDef" classname="typerule.FunctionDefTypeRuleTest" time="0.001"/>
  <testcase name="testTypeCheckMethodDefStatementsButHasNoParametersShouldHasError" classname="typerule.FunctionDefTypeRuleTest" time="0.001"/>
  <testcase name="testTypeCheckSematicallyCorrectFunctionDefStatements" classname="typerule.FunctionDefTypeRuleTest" time="0"/>
  <testcase name="testTypeCheckMethodDefStatementsButFirstParameterTypeIsNotTheClassTypeShouldHasError" classname="typerule.FunctionDefTypeRuleTest" time="0.001"/>
  <testcase name="testTypeCheckSematicallyCorrectMethodDefStatements" classname="typerule.FunctionDefTypeRuleTest" time="0.001"/>
</testsuite>